{
  "RSpec": {
    "coverage": {
      "/Users/Student/Documents/Makers/Projects/Week 10/bank/spec/bank_account_spec.rb": {
        "lines": [
          1,
          null,
          1,
          1,
          1,
          null,
          null,
          1,
          1,
          1,
          null,
          null,
          1,
          1,
          1,
          1,
          1,
          null,
          null,
          1,
          1,
          1,
          1,
          1,
          null,
          null,
          null,
          1,
          1,
          1,
          1,
          1,
          1,
          null,
          null,
          1,
          1,
          1,
          1,
          2,
          null,
          null,
          null,
          1,
          1,
          1,
          1,
          1,
          null,
          null,
          1,
          1,
          1,
          1,
          null,
          null,
          1,
          1,
          1,
          1,
          1,
          null,
          null,
          null,
          null
        ]
      },
      "/Users/Student/Documents/Makers/Projects/Week 10/bank/lib/bank_account.rb": {
        "lines": [
          1,
          null,
          1,
          null,
          1,
          null,
          9,
          9,
          null,
          null,
          9,
          null,
          null,
          1,
          8,
          8,
          8,
          null,
          null,
          1,
          null,
          4,
          1,
          null,
          3,
          3,
          3,
          null,
          null,
          null,
          1,
          3,
          null,
          null
        ]
      }
    },
    "timestamp": 1597137558
  }
}
