{
  "RSpec": {
    "coverage": {
      "/Users/Student/Documents/Makers/Projects/Week 10/bank/spec/bank_account_spec.rb": {
        "lines": [
          1,
          null,
          1,
          1,
          1,
          null,
          null,
          1,
          1,
          1,
          null,
          null,
          1,
          1,
          1,
          1,
          1,
          null,
          null,
          1,
          1,
          1,
          1,
          1,
          null,
          null,
          null,
          1,
          1,
          1,
          1,
          1,
          1,
          null,
          null,
          1,
          1,
          1,
          1,
          2,
          null,
          null,
          null,
          1,
          1,
          1,
          1,
          1,
          null,
          null,
          1,
          1,
          1,
          1,
          null,
          null,
          1,
          1,
          1,
          1,
          1,
          null,
          null,
          1,
          1,
          1,
          1,
          1,
          null,
          null,
          null,
          null
        ]
      },
      "/Users/Student/Documents/Makers/Projects/Week 10/bank/lib/bank_account.rb": {
        "lines": [
          1,
          null,
          1,
          null,
          1,
          null,
          10,
          10,
          10,
          10,
          10,
          null,
          null,
          1,
          9,
          9,
          9,
          null,
          null,
          1,
          null,
          5,
          1,
          null,
          4,
          4,
          4,
          null,
          null,
          null,
          1,
          null,
          4,
          6,
          null,
          null,
          null
        ]
      }
    },
    "timestamp": 1597141708
  }
}
